%!Adobe-FontList 1.22
%Locale:0x409

%BeginFont
Handler:DirectoryHandler
FontType:Invalid
OutlineFileName:/Users/bielpf/Desktop/treball epub PDF/Document fonts/AdobeFnt22.lst
FileLength:1724
FileModTime:637172336
%EndFont

%BeginFont
Handler:DirectoryHandler
FontType:TrueType
FontName:Futura-Medium
FamilyName:Futura
StyleName:Medium
MenuName:Futura
StyleBits:0
WeightClass:500
WidthClass:5
AngleClass:0
FullName:Futura Medium
WritingScript:Roman
OutlineFileName:/Users/bielpf/Desktop/treball epub PDF/Document fonts/Futura.ttc
TTCOffset:44
DataFormat:sfntData
hasSVG:no
VariableFontType:NonVariableFont
FileLength:486592
FileModTime:540598056
NameArray:0,Mac,4,Futura Medium
%EndFont

%BeginFont
Handler:DirectoryHandler
FontType:TrueType
FontName:Helvetica
FamilyName:Helvetica
StyleName:Regular
MenuName:Helvetica
StyleBits:0
WeightClass:400
WidthClass:5
AngleClass:0
FullName:Helvetica
WritingScript:Roman
OutlineFileName:/Users/bielpf/Desktop/treball epub PDF/Document fonts/Helvetica.ttc
TTCOffset:48
DataFormat:sfntData
hasSVG:no
VariableFontType:NonVariableFont
FileLength:2319952
FileModTime:540598054
NameArray:0,Mac,18,Helvetica
NameArray:0,Mac,4,Helvetica
%EndFont

%BeginFont
Handler:DirectoryHandler
FontType:Type1
FontName:MinionPro-Regular
FamilyName:Minion Pro
StyleName:Regular
MenuName:Minion Pro
StyleBits:0
WeightClass:400
WidthClass:5
AngleClass:0
FullName:Minion Pro
WritingScript:Roman
OutlineFileName:/Users/bielpf/Desktop/treball epub PDF/Document fonts/MinionPro-Regular.otf
DataFormat:sfntData
UsesStandardEncoding:yes
isCFF:yes
hasSVG:no
VariableFontType:NonVariableFont
FileLength:218640
FileModTime:632069598
DesignSize:110
NameArray:0,Mac,4,Minion Pro
NameArray:0,Win,1,Minion Pro
%EndFont

